<component name="libraryTable">
  <library name="junit-mockito-great-expectations">
    <CLASSES>
      <root url="file://$PROJECT_DIR$/happydroids-common/libs/test" />
    </CLASSES>
    <SOURCES>
      <root url="file://$PROJECT_DIR$/happydroids-common/libs/test" />
    </SOURCES>
    <jarDirectory url="file://$PROJECT_DIR$/happydroids-common/libs/test" recursive="false" />
    <jarDirectory url="file://$PROJECT_DIR$/happydroids-common/libs/test" recursive="false" type="SOURCES" />
  </library>
</component>